<?xml version="1.0" encoding="UTF-8"?>
<!-- Generated by org.testng.reporters.JUnitReportReporter -->
<testsuite hostname="IN-C335VQ3" failures="1" tests="25" name="vivaglint.ESR" time="164.594" errors="0" timestamp="2024-11-21T17:11:43 IST" skipped="0">
  <testcase classname="vivaglint.ESR" name="Tc_01" time="0.993"/>
  <system-out/>
  <testcase classname="vivaglint.ESR" name="Tc_23" time="4.016"/>
  <system-out/>
  <testcase classname="vivaglint.ESR" name="Tc_17" time="0.152"/>
  <system-out/>
  <testcase classname="vivaglint.ESR" name="Tc_18" time="0.169"/>
  <system-out/>
  <testcase classname="vivaglint.ESR" name="Tc_19" time="0.146"/>
  <system-out/>
  <testcase classname="vivaglint.ESR" name="Tc_14" time="20.186"/>
  <system-out/>
  <testcase classname="vivaglint.ESR" name="Tc_20" time="0.195"/>
  <system-out/>
  <testcase classname="vivaglint.ESR" name="Tc_16" time="0.203"/>
  <system-out/>
  <testcase classname="vivaglint.ESR" name="Tc_02" time="27.180"/>
  <system-out/>
  <testcase classname="vivaglint.ESR" name="Tc_10" time="0.765"/>
  <system-out/>
  <testcase classname="vivaglint.ESR" name="Tc_06" time="3.930"/>
  <system-out/>
  <testcase classname="vivaglint.ESR" name="Tc_07" time="1.836"/>
  <system-out/>
  <testcase classname="vivaglint.ESR" name="Tc_08" time="2.528"/>
  <system-out/>
  <testcase classname="vivaglint.ESR" name="Tc_09" time="3.465"/>
  <system-out/>
  <testcase classname="vivaglint.ESR" name="Tc_11" time="20.217"/>
  <system-out/>
  <testcase classname="vivaglint.ESR" name="Tc_12" time="0.152"/>
  <system-out/>
  <testcase classname="vivaglint.ESR" name="Tc_13" time="0.138"/>
  <system-out/>
  <testcase classname="vivaglint.ESR" name="Tc_15" time="0.162"/>
  <system-out/>
  <testcase classname="vivaglint.ESR" name="Tc_03" time="27.035"/>
  <system-out/>
  <testcase classname="vivaglint.ESR" name="Tc_04" time="29.804"/>
  <system-out/>
  <testcase classname="vivaglint.ESR" name="Tc_22" time="6.571"/>
  <system-out/>
  <testcase classname="vivaglint.ESR" name="Tc_21" time="6.015">
    <failure message="expected [Executive Summary Report Automation Copy] but found []" type="java.lang.AssertionError">
      <![CDATA[java.lang.AssertionError: expected [Executive Summary Report Automation Copy] but found []
at org.testng.Assert.fail(Assert.java:99)
at org.testng.Assert.failNotEquals(Assert.java:1037)
at org.testng.Assert.assertEqualsImpl(Assert.java:140)
at org.testng.Assert.assertEquals(Assert.java:122)
at org.testng.Assert.assertEquals(Assert.java:629)
at org.testng.Assert.assertEquals(Assert.java:639)
at glint.Executivesummaryreport.SaveReport(Executivesummaryreport.java:381)
at vivaglint.ESR.Tc_21(ESR.java:215)
at java.base/jdk.internal.reflect.NativeMethodAccessorImpl.invoke0(Native Method)
at java.base/jdk.internal.reflect.NativeMethodAccessorImpl.invoke(NativeMethodAccessorImpl.java:77)
at java.base/jdk.internal.reflect.DelegatingMethodAccessorImpl.invoke(DelegatingMethodAccessorImpl.java:43)
at java.base/java.lang.reflect.Method.invoke(Method.java:568)
at org.testng.internal.MethodInvocationHelper.invokeMethod(MethodInvocationHelper.java:133)
at org.testng.internal.TestInvoker.invokeMethod(TestInvoker.java:598)
at org.testng.internal.TestInvoker.invokeTestMethod(TestInvoker.java:173)
at org.testng.internal.MethodRunner.runInSequence(MethodRunner.java:46)
at org.testng.internal.TestInvoker$MethodInvocationAgent.invoke(TestInvoker.java:824)
at org.testng.internal.TestInvoker.invokeTestMethods(TestInvoker.java:146)
at org.testng.internal.TestMethodWorker.invokeTestMethods(TestMethodWorker.java:146)
at org.testng.internal.TestMethodWorker.run(TestMethodWorker.java:128)
at java.base/java.util.ArrayList.forEach(ArrayList.java:1511)
at org.testng.TestRunner.privateRun(TestRunner.java:794)
at org.testng.TestRunner.run(TestRunner.java:596)
at org.testng.SuiteRunner.runTest(SuiteRunner.java:377)
at org.testng.SuiteRunner.runSequentially(SuiteRunner.java:371)
at org.testng.SuiteRunner.privateRun(SuiteRunner.java:332)
at org.testng.SuiteRunner.run(SuiteRunner.java:276)
at org.testng.SuiteRunnerWorker.runSuite(SuiteRunnerWorker.java:53)
at org.testng.SuiteRunnerWorker.run(SuiteRunnerWorker.java:96)
at org.testng.TestNG.runSuitesSequentially(TestNG.java:1212)
at org.testng.TestNG.runSuitesLocally(TestNG.java:1134)
at org.testng.TestNG.runSuites(TestNG.java:1063)
at org.testng.TestNG.run(TestNG.java:1031)
at org.testng.remote.AbstractRemoteTestNG.run(AbstractRemoteTestNG.java:115)
at org.testng.remote.RemoteTestNG.initAndRun(RemoteTestNG.java:251)
at org.testng.remote.RemoteTestNG.main(RemoteTestNG.java:77)
]]>
    </failure>
  </testcase> <!-- Tc_21 -->
  <system-out/>
  <testcase classname="vivaglint.ESR" name="Tc_24" time="0.225"/>
  <system-out/>
  <testcase classname="vivaglint.ESR" name="Tc_05" time="0.595"/>
  <system-out/>
  <testcase classname="vivaglint.ESR" name="Tc_25" time="7.916"/>
  <system-out/>
</testsuite> <!-- vivaglint.ESR -->
