<?xml version="1.0" encoding="UTF-8"?>
<!-- Generated by org.testng.reporters.JUnitReportReporter -->
<testsuite hostname="IN-C335VQ3" failures="0" tests="1" name="vivaglint.ESR" time="9.636" errors="0" timestamp="2024-11-28T18:17:00 IST" skipped="0">
  <testcase classname="vivaglint.ESR" name="Tc_26" time="9.636"/>
  <system-out/>
</testsuite> <!-- vivaglint.ESR -->
